  [1m[35m (0.1ms)[0m  [1m[34mSELECT sqlite_version(*)[0m
  ↳ bin/rails:9
  [1m[35m (3.6ms)[0m  [1m[35mCREATE TABLE "schema_migrations" ("version" varchar NOT NULL PRIMARY KEY)[0m
  ↳ bin/rails:9
  [1m[35m (4.0ms)[0m  [1m[35mCREATE TABLE "ar_internal_metadata" ("key" varchar NOT NULL PRIMARY KEY, "value" varchar, "created_at" datetime NOT NULL, "updated_at" datetime NOT NULL)[0m
  ↳ bin/rails:9
  [1m[35m (0.1ms)[0m  [1m[34mSELECT "schema_migrations"."version" FROM "schema_migrations" ORDER BY "schema_migrations"."version" ASC[0m
  ↳ bin/rails:9
Migrating to DeviseCreateUsers (20210311125250)
  [1m[35m (0.1ms)[0m  [1m[36mbegin transaction[0m
  ↳ bin/rails:9
  [1m[35m (0.4ms)[0m  [1m[35mCREATE TABLE "users" ("id" integer PRIMARY KEY AUTOINCREMENT NOT NULL, "email" varchar DEFAULT '' NOT NULL, "encrypted_password" varchar DEFAULT '' NOT NULL, "reset_password_token" varchar, "reset_password_sent_at" datetime, "remember_created_at" datetime, "last_name" varchar NOT NULL, "first_name" varchar NOT NULL, "ruby_last_name" varchar NOT NULL, "ruby_first_name" varchar NOT NULL, "postcode" integer NOT NULL, "prefecture_code" integer NOT NULL, "address_city" varchar NOT NULL, "address_street" varchar NOT NULL, "address_building" varchar, "phone_number" integer NOT NULL, "password" varchar NOT NULL, "user_status" boolean, "admin" boolean DEFAULT 0, "created_at" datetime NOT NULL, "updated_at" datetime NOT NULL)[0m
  ↳ db/migrate/20210311125250_devise_create_users.rb:5
  [1m[35m (0.2ms)[0m  [1m[35mCREATE UNIQUE INDEX "index_users_on_email" ON "users" ("email")[0m
  ↳ db/migrate/20210311125250_devise_create_users.rb:53
  [1m[35m (0.1ms)[0m  [1m[35mCREATE UNIQUE INDEX "index_users_on_reset_password_token" ON "users" ("reset_password_token")[0m
  ↳ db/migrate/20210311125250_devise_create_users.rb:54
  [1m[36mActiveRecord::SchemaMigration Create (0.1ms)[0m  [1m[32mINSERT INTO "schema_migrations" ("version") VALUES (?)[0m  [["version", "20210311125250"]]
  ↳ bin/rails:9
  [1m[35m (3.1ms)[0m  [1m[36mcommit transaction[0m
  ↳ bin/rails:9
Migrating to CreateProducts (20210311131301)
  [1m[35m (0.0ms)[0m  [1m[36mbegin transaction[0m
  ↳ bin/rails:9
  [1m[35m (0.2ms)[0m  [1m[35mCREATE TABLE "products" ("id" integer PRIMARY KEY AUTOINCREMENT NOT NULL, "image_id" varchar, "name" varchar, "description" text, "non_taxed_price" integer, "sales_status" integer, "created_at" datetime NOT NULL, "updated_at" datetime NOT NULL)[0m
  ↳ db/migrate/20210311131301_create_products.rb:3
  [1m[36mActiveRecord::SchemaMigration Create (0.1ms)[0m  [1m[32mINSERT INTO "schema_migrations" ("version") VALUES (?)[0m  [["version", "20210311131301"]]
  ↳ bin/rails:9
  [1m[35m (3.3ms)[0m  [1m[36mcommit transaction[0m
  ↳ bin/rails:9
Migrating to CreateCategories (20210311131405)
  [1m[35m (0.0ms)[0m  [1m[36mbegin transaction[0m
  ↳ bin/rails:9
  [1m[35m (0.2ms)[0m  [1m[35mCREATE TABLE "categories" ("id" integer PRIMARY KEY AUTOINCREMENT NOT NULL, "category_name" varchar, "category_status" integer, "created_at" datetime NOT NULL, "updated_at" datetime NOT NULL)[0m
  ↳ db/migrate/20210311131405_create_categories.rb:3
  [1m[36mActiveRecord::SchemaMigration Create (0.1ms)[0m  [1m[32mINSERT INTO "schema_migrations" ("version") VALUES (?)[0m  [["version", "20210311131405"]]
  ↳ bin/rails:9
  [1m[35m (3.6ms)[0m  [1m[36mcommit transaction[0m
  ↳ bin/rails:9
Migrating to CreateCarts (20210311131507)
  [1m[35m (0.0ms)[0m  [1m[36mbegin transaction[0m
  ↳ bin/rails:9
  [1m[35m (0.3ms)[0m  [1m[35mCREATE TABLE "carts" ("id" integer PRIMARY KEY AUTOINCREMENT NOT NULL, "product_num" integer, "product_id" integer, "order_id" integer, "created_at" datetime NOT NULL, "updated_at" datetime NOT NULL, CONSTRAINT "fk_rails_916f2a1419"
FOREIGN KEY ("product_id")
  REFERENCES "products" ("id")
, CONSTRAINT "fk_rails_00582d5eae"
FOREIGN KEY ("order_id")
  REFERENCES "orders" ("id")
)[0m
  ↳ db/migrate/20210311131507_create_carts.rb:3
  [1m[35m (0.1ms)[0m  [1m[35mCREATE  INDEX "index_carts_on_product_id" ON "carts" ("product_id")[0m
  ↳ db/migrate/20210311131507_create_carts.rb:3
  [1m[35m (0.1ms)[0m  [1m[35mCREATE  INDEX "index_carts_on_order_id" ON "carts" ("order_id")[0m
  ↳ db/migrate/20210311131507_create_carts.rb:3
  [1m[36mActiveRecord::SchemaMigration Create (0.1ms)[0m  [1m[32mINSERT INTO "schema_migrations" ("version") VALUES (?)[0m  [["version", "20210311131507"]]
  ↳ bin/rails:9
  [1m[35m (3.3ms)[0m  [1m[36mcommit transaction[0m
  ↳ bin/rails:9
Migrating to CreateOrderdproducts (20210311131628)
  [1m[35m (0.0ms)[0m  [1m[36mbegin transaction[0m
  ↳ bin/rails:9
  [1m[35m (0.3ms)[0m  [1m[35mCREATE TABLE "orderdproducts" ("id" integer PRIMARY KEY AUTOINCREMENT NOT NULL, "product_id" integer, "order_id" integer, "order_num" integer, "production_status" integer, "price_in_tax" integer, "created_at" datetime NOT NULL, "updated_at" datetime NOT NULL, CONSTRAINT "fk_rails_ad668c8912"
FOREIGN KEY ("product_id")
  REFERENCES "products" ("id")
, CONSTRAINT "fk_rails_8cc9b0882c"
FOREIGN KEY ("order_id")
  REFERENCES "orders" ("id")
)[0m
  ↳ db/migrate/20210311131628_create_orderdproducts.rb:3
  [1m[35m (0.1ms)[0m  [1m[35mCREATE  INDEX "index_orderdproducts_on_product_id" ON "orderdproducts" ("product_id")[0m
  ↳ db/migrate/20210311131628_create_orderdproducts.rb:3
  [1m[35m (0.1ms)[0m  [1m[35mCREATE  INDEX "index_orderdproducts_on_order_id" ON "orderdproducts" ("order_id")[0m
  ↳ db/migrate/20210311131628_create_orderdproducts.rb:3
  [1m[36mActiveRecord::SchemaMigration Create (0.1ms)[0m  [1m[32mINSERT INTO "schema_migrations" ("version") VALUES (?)[0m  [["version", "20210311131628"]]
  ↳ bin/rails:9
  [1m[35m (4.0ms)[0m  [1m[36mcommit transaction[0m
  ↳ bin/rails:9
Migrating to CreateOrders (20210311131815)
  [1m[35m (0.0ms)[0m  [1m[36mbegin transaction[0m
  ↳ bin/rails:9
  [1m[35m (0.3ms)[0m  [1m[35mCREATE TABLE "orders" ("id" integer PRIMARY KEY AUTOINCREMENT NOT NULL, "user_id" integer, "shipping" integer, "billing_amount" integer, "method_payment" integer, "destination_name" varchar, "postcode" integer, "prefecture_code" integer, "address_city" varchar, "address_street" varchar, "address_build" varchar, "order_status" integer, "created_at" datetime NOT NULL, "updated_at" datetime NOT NULL)[0m
  ↳ db/migrate/20210311131815_create_orders.rb:3
  [1m[36mActiveRecord::SchemaMigration Create (0.1ms)[0m  [1m[32mINSERT INTO "schema_migrations" ("version") VALUES (?)[0m  [["version", "20210311131815"]]
  ↳ bin/rails:9
  [1m[35m (3.6ms)[0m  [1m[36mcommit transaction[0m
  ↳ bin/rails:9
Migrating to CreateShippingAddresses (20210311131853)
  [1m[35m (0.0ms)[0m  [1m[36mbegin transaction[0m
  ↳ bin/rails:9
  [1m[35m (0.3ms)[0m  [1m[35mCREATE TABLE "shipping_addresses" ("id" integer PRIMARY KEY AUTOINCREMENT NOT NULL, "user_id" integer, "destination_name" varchar, "postcode" integer, "prefecture_code" integer, "address_city" varchar, "address_street" varchar, "address_build" varchar, "created_at" datetime NOT NULL, "updated_at" datetime NOT NULL)[0m
  ↳ db/migrate/20210311131853_create_shipping_addresses.rb:3
  [1m[36mActiveRecord::SchemaMigration Create (0.1ms)[0m  [1m[32mINSERT INTO "schema_migrations" ("version") VALUES (?)[0m  [["version", "20210311131853"]]
  ↳ bin/rails:9
  [1m[35m (3.8ms)[0m  [1m[36mcommit transaction[0m
  ↳ bin/rails:9
  [1m[36mActiveRecord::InternalMetadata Load (0.2ms)[0m  [1m[34mSELECT  "ar_internal_metadata".* FROM "ar_internal_metadata" WHERE "ar_internal_metadata"."key" = ? LIMIT ?[0m  [["key", "environment"], ["LIMIT", 1]]
  ↳ bin/rails:9
  [1m[35m (0.0ms)[0m  [1m[36mbegin transaction[0m
  ↳ bin/rails:9
  [1m[36mActiveRecord::InternalMetadata Create (0.2ms)[0m  [1m[32mINSERT INTO "ar_internal_metadata" ("key", "value", "created_at", "updated_at") VALUES (?, ?, ?, ?)[0m  [["key", "environment"], ["value", "development"], ["created_at", "2021-03-11 13:56:48.985662"], ["updated_at", "2021-03-11 13:56:48.985662"]]
  ↳ bin/rails:9
  [1m[35m (3.2ms)[0m  [1m[36mcommit transaction[0m
  ↳ bin/rails:9
  [1m[35m (0.1ms)[0m  [1m[34mSELECT "schema_migrations"."version" FROM "schema_migrations" ORDER BY "schema_migrations"."version" ASC[0m
  ↳ bin/rails:9
<<<<<<< HEAD
Started GET "/" for 27.82.17.29 at 2021-03-12 04:59:06 +0000
Cannot render console from 27.82.17.29! Allowed networks: 127.0.0.1, ::1, 127.0.0.0/127.255.255.255
  [1m[35m (0.1ms)[0m  [1m[34mSELECT "schema_migrations"."version" FROM "schema_migrations" ORDER BY "schema_migrations"."version" ASC[0m
  ↳ /home/ec2-user/.rvm/gems/ruby-2.6.3/gems/activerecord-5.2.4.5/lib/active_record/log_subscriber.rb:98
Processing by UsersController#top as HTML
  Rendering users/top.html.erb within layouts/application
  Rendered users/top.html.erb within layouts/application (2.9ms)
Completed 200 OK in 763ms (Views: 753.7ms | ActiveRecord: 0.0ms)


Started GET "/" for 27.82.17.29 at 2021-03-12 04:59:09 +0000
Cannot render console from 27.82.17.29! Allowed networks: 127.0.0.1, ::1, 127.0.0.0/127.255.255.255
Processing by UsersController#top as HTML
  Rendering users/top.html.erb within layouts/application
  Rendered users/top.html.erb within layouts/application (0.3ms)
Completed 200 OK in 120ms (Views: 119.0ms | ActiveRecord: 0.0ms)


Started GET "/users/sign_in" for 27.82.17.29 at 2021-03-12 04:59:40 +0000
Cannot render console from 27.82.17.29! Allowed networks: 127.0.0.1, ::1, 127.0.0.0/127.255.255.255
Processing by Devise::SessionsController#new as HTML
  Rendering devise/sessions/new.html.erb within layouts/application
  Rendered devise/shared/_links.html.erb (0.9ms)
  Rendered devise/sessions/new.html.erb within layouts/application (58.0ms)
Completed 200 OK in 176ms (Views: 146.8ms | ActiveRecord: 0.7ms)


Started GET "/users/sign_up" for 27.82.17.29 at 2021-03-12 05:00:35 +0000
Cannot render console from 27.82.17.29! Allowed networks: 127.0.0.1, ::1, 127.0.0.0/127.255.255.255
Processing by Devise::RegistrationsController#new as HTML
  Rendering devise/registrations/new.html.erb within layouts/application
  Rendered devise/shared/_error_messages.html.erb (0.5ms)
  Rendered devise/shared/_links.html.erb (0.7ms)
  Rendered devise/registrations/new.html.erb within layouts/application (6.6ms)
Completed 200 OK in 87ms (Views: 85.9ms | ActiveRecord: 0.0ms)


Started GET "/" for 27.82.17.29 at 2021-03-12 05:06:52 +0000
Cannot render console from 27.82.17.29! Allowed networks: 127.0.0.1, ::1, 127.0.0.0/127.255.255.255
Processing by UsersController#top as HTML
  Rendering users/top.html.erb within layouts/application
  Rendered users/top.html.erb within layouts/application (0.7ms)
Completed 200 OK in 382ms (Views: 381.0ms | ActiveRecord: 0.0ms)


  [1m[35m (0.1ms)[0m  [1m[34mSELECT "schema_migrations"."version" FROM "schema_migrations" ORDER BY "schema_migrations"."version" ASC[0m
  ↳ bin/rails:9
  [1m[36mActiveRecord::InternalMetadata Load (0.2ms)[0m  [1m[34mSELECT  "ar_internal_metadata".* FROM "ar_internal_metadata" WHERE "ar_internal_metadata"."key" = ? LIMIT ?[0m  [["key", "environment"], ["LIMIT", 1]]
  ↳ bin/rails:9
  [1m[35m (0.1ms)[0m  [1m[36mbegin transaction[0m
  ↳ bin/rails:9
  [1m[35m (0.0ms)[0m  [1m[36mcommit transaction[0m
  ↳ bin/rails:9
  [1m[35m (0.1ms)[0m  [1m[34mSELECT "schema_migrations"."version" FROM "schema_migrations" ORDER BY "schema_migrations"."version" ASC[0m
  ↳ bin/rails:9
Started GET "/users/sign_up" for 27.82.17.29 at 2021-03-12 05:22:41 +0000
Cannot render console from 27.82.17.29! Allowed networks: 127.0.0.1, ::1, 127.0.0.0/127.255.255.255
  [1m[35m (0.2ms)[0m  [1m[34mSELECT "schema_migrations"."version" FROM "schema_migrations" ORDER BY "schema_migrations"."version" ASC[0m
  ↳ /home/ec2-user/.rvm/gems/ruby-2.6.3/gems/activerecord-5.2.4.5/lib/active_record/log_subscriber.rb:98
  
ActionController::RoutingError (undefined local variable or method `devise_parameter_sanitizer' for ApplicationController:Class):
  
app/controllers/application_controller.rb:3:in `<class:ApplicationController>'
app/controllers/application_controller.rb:1:in `<main>'
Started GET "/users/sign_up" for 27.82.17.29 at 2021-03-12 05:22:48 +0000
Cannot render console from 27.82.17.29! Allowed networks: 127.0.0.1, ::1, 127.0.0.0/127.255.255.255
  
ActionController::RoutingError (undefined local variable or method `devise_parameter_sanitizer' for ApplicationController:Class):
  
app/controllers/application_controller.rb:3:in `<class:ApplicationController>'
app/controllers/application_controller.rb:1:in `<main>'
Started GET "/users/sign_up" for 27.82.17.29 at 2021-03-12 05:27:39 +0000
Cannot render console from 27.82.17.29! Allowed networks: 127.0.0.1, ::1, 127.0.0.0/127.255.255.255
  [1m[35m (0.1ms)[0m  [1m[34mSELECT "schema_migrations"."version" FROM "schema_migrations" ORDER BY "schema_migrations"."version" ASC[0m
  ↳ /home/ec2-user/.rvm/gems/ruby-2.6.3/gems/activerecord-5.2.4.5/lib/active_record/log_subscriber.rb:98
Processing by Devise::RegistrationsController#new as HTML
  Rendering devise/registrations/new.html.erb within layouts/application
  Rendered devise/shared/_error_messages.html.erb (0.4ms)
  Rendered devise/registrations/new.html.erb within layouts/application (45.2ms)
Completed 500 Internal Server Error in 75ms (ActiveRecord: 0.7ms)


  
ActionView::Template::Error (undefined method `address_stree' for #<User:0x000000000568dd50>
Did you mean?  address_street
               address_street?
               address_street=):
    44: 
    45:   <div class="field">
    46:     <%= f.label :address_street %><br />
    47:     <%= f.text_field :address_stree, autocomplete: 'address_street', class: 'form-control' %>
    48:   </div>
    49: 
    50:   <div class="field">
  
app/views/devise/registrations/new.html.erb:47:in `block in _app_views_devise_registrations_new_html_erb__3197014419757142051_70024912110840'
app/views/devise/registrations/new.html.erb:3:in `_app_views_devise_registrations_new_html_erb__3197014419757142051_70024912110840'
Started GET "/users/sign_up" for 27.82.17.29 at 2021-03-12 05:27:44 +0000
Cannot render console from 27.82.17.29! Allowed networks: 127.0.0.1, ::1, 127.0.0.0/127.255.255.255
Processing by Devise::RegistrationsController#new as HTML
  Rendering devise/registrations/new.html.erb within layouts/application
  Rendered devise/shared/_error_messages.html.erb (0.5ms)
  Rendered devise/registrations/new.html.erb within layouts/application (33.7ms)
Completed 500 Internal Server Error in 41ms (ActiveRecord: 0.0ms)


  
ActionView::Template::Error (undefined method `address_stree' for #<User:0x00007f5fdc69a788>
Did you mean?  address_street
               address_street?
               address_street=):
    44: 
    45:   <div class="field">
    46:     <%= f.label :address_street %><br />
    47:     <%= f.text_field :address_stree, autocomplete: 'address_street', class: 'form-control' %>
    48:   </div>
    49: 
    50:   <div class="field">
  
app/views/devise/registrations/new.html.erb:47:in `block in _app_views_devise_registrations_new_html_erb__3197014419757142051_70024848261960'
app/views/devise/registrations/new.html.erb:3:in `_app_views_devise_registrations_new_html_erb__3197014419757142051_70024848261960'
Started GET "/users/sign_up" for 27.82.17.29 at 2021-03-12 05:32:57 +0000
Cannot render console from 27.82.17.29! Allowed networks: 127.0.0.1, ::1, 127.0.0.0/127.255.255.255
  [1m[35m (0.2ms)[0m  [1m[34mSELECT "schema_migrations"."version" FROM "schema_migrations" ORDER BY "schema_migrations"."version" ASC[0m
  ↳ /home/ec2-user/.rvm/gems/ruby-2.6.3/gems/activerecord-5.2.4.5/lib/active_record/log_subscriber.rb:98
Processing by Devise::RegistrationsController#new as HTML
  Rendering devise/registrations/new.html.erb within layouts/application
  Rendered devise/shared/_error_messages.html.erb (0.4ms)
  Rendered devise/registrations/new.html.erb within layouts/application (25.1ms)
Completed 500 Internal Server Error in 54ms (ActiveRecord: 0.7ms)


  
ActionView::Template::Error (undefined method `address_stree' for #<User:0x0000000004ab9128>
Did you mean?  address_street
               address_street?
               address_street=):
    44: 
    45:         <div class="field">
    46:           <%= f.label :address_street %><br />
    47:           <%= f.text_field :address_stree, autocomplete: 'address_street', class: 'form-control' %>
    48:         </div>
    49: 
    50:         <div class="field">
  
app/views/devise/registrations/new.html.erb:47:in `block in _app_views_devise_registrations_new_html_erb___3487766058176860723_69836503990060'
app/views/devise/registrations/new.html.erb:3:in `_app_views_devise_registrations_new_html_erb___3487766058176860723_69836503990060'
Started GET "/users/sign_up" for 27.82.17.29 at 2021-03-12 05:32:58 +0000
Cannot render console from 27.82.17.29! Allowed networks: 127.0.0.1, ::1, 127.0.0.0/127.255.255.255
Processing by Devise::RegistrationsController#new as HTML
  Rendering devise/registrations/new.html.erb within layouts/application
  Rendered devise/shared/_error_messages.html.erb (0.4ms)
  Rendered devise/registrations/new.html.erb within layouts/application (19.2ms)
Completed 500 Internal Server Error in 25ms (ActiveRecord: 0.0ms)


  
ActionView::Template::Error (undefined method `address_stree' for #<User:0x00007f0820695918>
Did you mean?  address_street
               address_street?
               address_street=):
    44: 
    45:         <div class="field">
    46:           <%= f.label :address_street %><br />
    47:           <%= f.text_field :address_stree, autocomplete: 'address_street', class: 'form-control' %>
    48:         </div>
    49: 
    50:         <div class="field">
  
app/views/devise/registrations/new.html.erb:47:in `block in _app_views_devise_registrations_new_html_erb___3487766058176860723_69836440148940'
app/views/devise/registrations/new.html.erb:3:in `_app_views_devise_registrations_new_html_erb___3487766058176860723_69836440148940'
Started GET "/users/sign_up" for 27.82.17.29 at 2021-03-12 05:35:14 +0000
Cannot render console from 27.82.17.29! Allowed networks: 127.0.0.1, ::1, 127.0.0.0/127.255.255.255
Processing by Devise::RegistrationsController#new as HTML
  Rendering devise/registrations/new.html.erb within layouts/application
  Rendered devise/shared/_error_messages.html.erb (0.4ms)
  Rendered devise/shared/_links.html.erb (0.8ms)
  Rendered devise/registrations/new.html.erb within layouts/application (9.3ms)
Completed 200 OK in 1124ms (Views: 1106.0ms | ActiveRecord: 0.6ms)
=======
Started GET "/" for 14.13.227.128 at 2021-03-12 05:09:25 +0000
Cannot render console from 14.13.227.128! Allowed networks: 127.0.0.1, ::1, 127.0.0.0/127.255.255.255
  [1m[35m (0.2ms)[0m  [1m[34mSELECT "schema_migrations"."version" FROM "schema_migrations" ORDER BY "schema_migrations"."version" ASC[0m
  ↳ /home/ec2-user/.rvm/gems/ruby-2.6.3/gems/activerecord-5.2.4.5/lib/active_record/log_subscriber.rb:98
Processing by Rails::WelcomeController#index as HTML
  Rendering /home/ec2-user/.rvm/gems/ruby-2.6.3/gems/railties-5.2.4.5/lib/rails/templates/rails/welcome/index.html.erb
  Rendered /home/ec2-user/.rvm/gems/ruby-2.6.3/gems/railties-5.2.4.5/lib/rails/templates/rails/welcome/index.html.erb (3.2ms)
Completed 200 OK in 15ms (Views: 9.1ms | ActiveRecord: 0.0ms)


Started GET "/" for 14.13.227.128 at 2021-03-12 05:09:27 +0000
Cannot render console from 14.13.227.128! Allowed networks: 127.0.0.1, ::1, 127.0.0.0/127.255.255.255
Processing by Rails::WelcomeController#index as HTML
  Rendering /home/ec2-user/.rvm/gems/ruby-2.6.3/gems/railties-5.2.4.5/lib/rails/templates/rails/welcome/index.html.erb
  Rendered /home/ec2-user/.rvm/gems/ruby-2.6.3/gems/railties-5.2.4.5/lib/rails/templates/rails/welcome/index.html.erb (2.0ms)
Completed 200 OK in 4ms (Views: 3.3ms | ActiveRecord: 0.0ms)


Started GET "/" for 14.13.227.128 at 2021-03-12 05:20:29 +0000
Cannot render console from 14.13.227.128! Allowed networks: 127.0.0.1, ::1, 127.0.0.0/127.255.255.255
Processing by Rails::WelcomeController#index as HTML
  Rendering /home/ec2-user/.rvm/gems/ruby-2.6.3/gems/railties-5.2.4.5/lib/rails/templates/rails/welcome/index.html.erb
  Rendered /home/ec2-user/.rvm/gems/ruby-2.6.3/gems/railties-5.2.4.5/lib/rails/templates/rails/welcome/index.html.erb (1.9ms)
Completed 200 OK in 5ms (Views: 3.2ms | ActiveRecord: 0.0ms)
>>>>>>> develop


Started GET "/" for 27.82.17.29 at 2021-03-12 09:45:30 +0000
Cannot render console from 27.82.17.29! Allowed networks: 127.0.0.1, ::1, 127.0.0.0/127.255.255.255
  [1m[35m (0.1ms)[0m  [1m[34mSELECT "schema_migrations"."version" FROM "schema_migrations" ORDER BY "schema_migrations"."version" ASC[0m
  ↳ /home/ec2-user/.rvm/gems/ruby-2.6.3/gems/activerecord-5.2.4.5/lib/active_record/log_subscriber.rb:98
Processing by ProductsController#top as HTML
  Rendering products/top.html.erb within layouts/application
  Rendered products/top.html.erb within layouts/application (2.3ms)
Completed 200 OK in 826ms (Views: 819.5ms | ActiveRecord: 0.0ms)


Started GET "/" for 27.82.17.29 at 2021-03-12 09:45:40 +0000
Cannot render console from 27.82.17.29! Allowed networks: 127.0.0.1, ::1, 127.0.0.0/127.255.255.255
Processing by ProductsController#top as HTML
  Rendering products/top.html.erb within layouts/application
  Rendered products/top.html.erb within layouts/application (0.5ms)
Completed 200 OK in 126ms (Views: 123.7ms | ActiveRecord: 0.0ms)


Started GET "/users/sign_up" for 27.82.17.29 at 2021-03-12 09:45:48 +0000
Cannot render console from 27.82.17.29! Allowed networks: 127.0.0.1, ::1, 127.0.0.0/127.255.255.255
Processing by RegistrationsController#new as HTML
  Rendering devise/registrations/new.html.erb within layouts/application
  Rendered devise/shared/_error_messages.html.erb (0.7ms)
  Rendered devise/shared/_links.html.erb (2.0ms)
  Rendered devise/registrations/new.html.erb within layouts/application (43.4ms)
Completed 200 OK in 181ms (Views: 142.6ms | ActiveRecord: 1.8ms)


  [1m[35m (0.1ms)[0m  [1m[34mSELECT "schema_migrations"."version" FROM "schema_migrations" ORDER BY "schema_migrations"."version" ASC[0m
  ↳ bin/rails:9
  [1m[35m (0.1ms)[0m  [1m[34mSELECT "ar_internal_metadata"."value" FROM "ar_internal_metadata" WHERE "ar_internal_metadata"."key" = ?[0m  [["key", "environment"]]
  ↳ bin/rails:9
  [1m[35m (0.1ms)[0m  [1m[34mSELECT "schema_migrations"."version" FROM "schema_migrations" ORDER BY "schema_migrations"."version" ASC[0m
  ↳ bin/rails:9
  [1m[35m (0.1ms)[0m  [1m[34mSELECT "ar_internal_metadata"."value" FROM "ar_internal_metadata" WHERE "ar_internal_metadata"."key" = ?[0m  [["key", "environment"]]
  ↳ bin/rails:9
  [1m[35m (0.1ms)[0m  [1m[34mSELECT "schema_migrations"."version" FROM "schema_migrations" ORDER BY "schema_migrations"."version" ASC[0m
  ↳ bin/rails:9
  [1m[35m (0.1ms)[0m  [1m[34mSELECT "ar_internal_metadata"."value" FROM "ar_internal_metadata" WHERE "ar_internal_metadata"."key" = ?[0m  [["key", "environment"]]
  ↳ bin/rails:9
  [1m[35m (0.1ms)[0m  [1m[35mDROP TABLE IF EXISTS "carts"[0m
  ↳ db/schema.rb:15
  [1m[35m (0.1ms)[0m  [1m[34mSELECT sqlite_version(*)[0m
  ↳ db/schema.rb:15
  [1m[35m (6.4ms)[0m  [1m[35mCREATE TABLE "carts" ("id" integer PRIMARY KEY AUTOINCREMENT NOT NULL, "product_num" integer, "product_id" integer, "order_id" integer, "created_at" datetime NOT NULL, "updated_at" datetime NOT NULL)[0m
  ↳ db/schema.rb:15
  [1m[35m (3.6ms)[0m  [1m[35mCREATE  INDEX "index_carts_on_order_id" ON "carts" ("order_id")[0m
  ↳ db/schema.rb:15
  [1m[35m (3.7ms)[0m  [1m[35mCREATE  INDEX "index_carts_on_product_id" ON "carts" ("product_id")[0m
  ↳ db/schema.rb:15
  [1m[35m (0.1ms)[0m  [1m[35mDROP TABLE IF EXISTS "categories"[0m
  ↳ db/schema.rb:25
  [1m[35m (3.5ms)[0m  [1m[35mCREATE TABLE "categories" ("id" integer PRIMARY KEY AUTOINCREMENT NOT NULL, "category_name" varchar, "category_status" integer, "created_at" datetime NOT NULL, "updated_at" datetime NOT NULL)[0m
  ↳ db/schema.rb:25
  [1m[35m (0.1ms)[0m  [1m[35mDROP TABLE IF EXISTS "orderdproducts"[0m
  ↳ db/schema.rb:32
  [1m[35m (4.5ms)[0m  [1m[35mCREATE TABLE "orderdproducts" ("id" integer PRIMARY KEY AUTOINCREMENT NOT NULL, "product_id" integer, "order_id" integer, "order_num" integer, "production_status" integer, "price_in_tax" integer, "created_at" datetime NOT NULL, "updated_at" datetime NOT NULL)[0m
  ↳ db/schema.rb:32
  [1m[35m (5.6ms)[0m  [1m[35mCREATE  INDEX "index_orderdproducts_on_order_id" ON "orderdproducts" ("order_id")[0m
  ↳ db/schema.rb:32
  [1m[35m (3.8ms)[0m  [1m[35mCREATE  INDEX "index_orderdproducts_on_product_id" ON "orderdproducts" ("product_id")[0m
  ↳ db/schema.rb:32
  [1m[35m (0.1ms)[0m  [1m[35mDROP TABLE IF EXISTS "orders"[0m
  ↳ db/schema.rb:44
  [1m[35m (4.9ms)[0m  [1m[35mCREATE TABLE "orders" ("id" integer PRIMARY KEY AUTOINCREMENT NOT NULL, "user_id" integer, "shipping" integer, "billing_amount" integer, "method_payment" integer, "destination_name" varchar, "postcode" integer, "prefecture_code" integer, "address_city" varchar, "address_street" varchar, "address_build" varchar, "order_status" integer, "created_at" datetime NOT NULL, "updated_at" datetime NOT NULL)[0m
  ↳ db/schema.rb:44
  [1m[35m (0.1ms)[0m  [1m[35mDROP TABLE IF EXISTS "products"[0m
  ↳ db/schema.rb:60
  [1m[35m (4.4ms)[0m  [1m[35mCREATE TABLE "products" ("id" integer PRIMARY KEY AUTOINCREMENT NOT NULL, "image_id" varchar, "name" varchar, "description" text, "non_taxed_price" integer, "sales_status" integer, "created_at" datetime NOT NULL, "updated_at" datetime NOT NULL)[0m
  ↳ db/schema.rb:60
  [1m[35m (0.1ms)[0m  [1m[35mDROP TABLE IF EXISTS "shipping_addresses"[0m
  ↳ db/schema.rb:70
  [1m[35m (4.8ms)[0m  [1m[35mCREATE TABLE "shipping_addresses" ("id" integer PRIMARY KEY AUTOINCREMENT NOT NULL, "user_id" integer, "destination_name" varchar, "postcode" integer, "prefecture_code" integer, "address_city" varchar, "address_street" varchar, "address_build" varchar, "created_at" datetime NOT NULL, "updated_at" datetime NOT NULL)[0m
  ↳ db/schema.rb:70
  [1m[35m (0.1ms)[0m  [1m[35mDROP TABLE IF EXISTS "users"[0m
  ↳ db/schema.rb:82
  [1m[35m (4.6ms)[0m  [1m[35mCREATE TABLE "users" ("id" integer PRIMARY KEY AUTOINCREMENT NOT NULL, "email" varchar DEFAULT '' NOT NULL, "encrypted_password" varchar DEFAULT '' NOT NULL, "reset_password_token" varchar, "reset_password_sent_at" datetime, "remember_created_at" datetime, "last_name" varchar NOT NULL, "first_name" varchar NOT NULL, "ruby_last_name" varchar NOT NULL, "ruby_first_name" varchar NOT NULL, "postcode" integer NOT NULL, "prefecture_code" integer NOT NULL, "address_city" varchar NOT NULL, "address_street" varchar NOT NULL, "address_building" varchar, "phone_number" integer NOT NULL, "password" varchar NOT NULL, "user_status" boolean, "admin" boolean DEFAULT 0, "created_at" datetime NOT NULL, "updated_at" datetime NOT NULL)[0m
  ↳ db/schema.rb:82
  [1m[35m (4.7ms)[0m  [1m[35mCREATE UNIQUE INDEX "index_users_on_email" ON "users" ("email")[0m
  ↳ db/schema.rb:82
  [1m[35m (4.5ms)[0m  [1m[35mCREATE UNIQUE INDEX "index_users_on_reset_password_token" ON "users" ("reset_password_token")[0m
  ↳ db/schema.rb:82
  [1m[35m (4.6ms)[0m  [1m[35mCREATE TABLE "schema_migrations" ("version" varchar NOT NULL PRIMARY KEY)[0m
  ↳ db/schema.rb:13
  [1m[35m (0.1ms)[0m  [1m[34mSELECT "schema_migrations"."version" FROM "schema_migrations" ORDER BY "schema_migrations"."version" ASC[0m
  ↳ db/schema.rb:13
  [1m[35m (5.5ms)[0m  [1m[32mINSERT INTO "schema_migrations" (version) VALUES (20210311131853)[0m
  ↳ db/schema.rb:13
  [1m[35m (4.7ms)[0m  [1m[32mINSERT INTO "schema_migrations" (version) VALUES
(20210311125250),
(20210311131301),
(20210311131405),
(20210311131507),
(20210311131628),
(20210311131815);

[0m
  ↳ db/schema.rb:13
  [1m[35m (5.0ms)[0m  [1m[35mCREATE TABLE "ar_internal_metadata" ("key" varchar NOT NULL PRIMARY KEY, "value" varchar, "created_at" datetime NOT NULL, "updated_at" datetime NOT NULL)[0m
  ↳ db/schema.rb:13
  [1m[36mActiveRecord::InternalMetadata Load (0.1ms)[0m  [1m[34mSELECT  "ar_internal_metadata".* FROM "ar_internal_metadata" WHERE "ar_internal_metadata"."key" = ? LIMIT ?[0m  [["key", "environment"], ["LIMIT", 1]]
  ↳ db/schema.rb:13
  [1m[35m (0.0ms)[0m  [1m[36mbegin transaction[0m
  ↳ db/schema.rb:13
  [1m[36mActiveRecord::InternalMetadata Create (3.1ms)[0m  [1m[32mINSERT INTO "ar_internal_metadata" ("key", "value", "created_at", "updated_at") VALUES (?, ?, ?, ?)[0m  [["key", "environment"], ["value", "development"], ["created_at", "2021-03-12 09:48:26.908308"], ["updated_at", "2021-03-12 09:48:26.908308"]]
  ↳ db/schema.rb:13
  [1m[35m (3.7ms)[0m  [1m[36mcommit transaction[0m
  ↳ db/schema.rb:13
  [1m[36mActiveRecord::InternalMetadata Load (0.1ms)[0m  [1m[34mSELECT  "ar_internal_metadata".* FROM "ar_internal_metadata" WHERE "ar_internal_metadata"."key" = ? LIMIT ?[0m  [["key", "environment"], ["LIMIT", 1]]
  ↳ bin/rails:9
  [1m[35m (0.0ms)[0m  [1m[36mbegin transaction[0m
  ↳ bin/rails:9
  [1m[35m (0.0ms)[0m  [1m[36mcommit transaction[0m
  ↳ bin/rails:9
  [1m[35m (0.1ms)[0m  [1m[35mDROP TABLE IF EXISTS "carts"[0m
  ↳ db/schema.rb:15
  [1m[35m (0.1ms)[0m  [1m[34mSELECT sqlite_version(*)[0m
  ↳ db/schema.rb:15
  [1m[35m (4.9ms)[0m  [1m[35mCREATE TABLE "carts" ("id" integer PRIMARY KEY AUTOINCREMENT NOT NULL, "product_num" integer, "product_id" integer, "order_id" integer, "created_at" datetime NOT NULL, "updated_at" datetime NOT NULL)[0m
  ↳ db/schema.rb:15
  [1m[35m (4.9ms)[0m  [1m[35mCREATE  INDEX "index_carts_on_order_id" ON "carts" ("order_id")[0m
  ↳ db/schema.rb:15
  [1m[35m (4.8ms)[0m  [1m[35mCREATE  INDEX "index_carts_on_product_id" ON "carts" ("product_id")[0m
  ↳ db/schema.rb:15
  [1m[35m (0.1ms)[0m  [1m[35mDROP TABLE IF EXISTS "categories"[0m
  ↳ db/schema.rb:25
  [1m[35m (3.8ms)[0m  [1m[35mCREATE TABLE "categories" ("id" integer PRIMARY KEY AUTOINCREMENT NOT NULL, "category_name" varchar, "category_status" integer, "created_at" datetime NOT NULL, "updated_at" datetime NOT NULL)[0m
  ↳ db/schema.rb:25
  [1m[35m (0.1ms)[0m  [1m[35mDROP TABLE IF EXISTS "orderdproducts"[0m
  ↳ db/schema.rb:32
  [1m[35m (4.2ms)[0m  [1m[35mCREATE TABLE "orderdproducts" ("id" integer PRIMARY KEY AUTOINCREMENT NOT NULL, "product_id" integer, "order_id" integer, "order_num" integer, "production_status" integer, "price_in_tax" integer, "created_at" datetime NOT NULL, "updated_at" datetime NOT NULL)[0m
  ↳ db/schema.rb:32
  [1m[35m (5.6ms)[0m  [1m[35mCREATE  INDEX "index_orderdproducts_on_order_id" ON "orderdproducts" ("order_id")[0m
  ↳ db/schema.rb:32
  [1m[35m (5.1ms)[0m  [1m[35mCREATE  INDEX "index_orderdproducts_on_product_id" ON "orderdproducts" ("product_id")[0m
  ↳ db/schema.rb:32
  [1m[35m (0.1ms)[0m  [1m[35mDROP TABLE IF EXISTS "orders"[0m
  ↳ db/schema.rb:44
  [1m[35m (4.8ms)[0m  [1m[35mCREATE TABLE "orders" ("id" integer PRIMARY KEY AUTOINCREMENT NOT NULL, "user_id" integer, "shipping" integer, "billing_amount" integer, "method_payment" integer, "destination_name" varchar, "postcode" integer, "prefecture_code" integer, "address_city" varchar, "address_street" varchar, "address_build" varchar, "order_status" integer, "created_at" datetime NOT NULL, "updated_at" datetime NOT NULL)[0m
  ↳ db/schema.rb:44
  [1m[35m (0.1ms)[0m  [1m[35mDROP TABLE IF EXISTS "products"[0m
  ↳ db/schema.rb:60
  [1m[35m (4.0ms)[0m  [1m[35mCREATE TABLE "products" ("id" integer PRIMARY KEY AUTOINCREMENT NOT NULL, "image_id" varchar, "name" varchar, "description" text, "non_taxed_price" integer, "sales_status" integer, "created_at" datetime NOT NULL, "updated_at" datetime NOT NULL)[0m
  ↳ db/schema.rb:60
  [1m[35m (0.1ms)[0m  [1m[35mDROP TABLE IF EXISTS "shipping_addresses"[0m
  ↳ db/schema.rb:70
  [1m[35m (4.9ms)[0m  [1m[35mCREATE TABLE "shipping_addresses" ("id" integer PRIMARY KEY AUTOINCREMENT NOT NULL, "user_id" integer, "destination_name" varchar, "postcode" integer, "prefecture_code" integer, "address_city" varchar, "address_street" varchar, "address_build" varchar, "created_at" datetime NOT NULL, "updated_at" datetime NOT NULL)[0m
  ↳ db/schema.rb:70
  [1m[35m (0.1ms)[0m  [1m[35mDROP TABLE IF EXISTS "users"[0m
  ↳ db/schema.rb:82
  [1m[35m (4.4ms)[0m  [1m[35mCREATE TABLE "users" ("id" integer PRIMARY KEY AUTOINCREMENT NOT NULL, "email" varchar DEFAULT '' NOT NULL, "encrypted_password" varchar DEFAULT '' NOT NULL, "reset_password_token" varchar, "reset_password_sent_at" datetime, "remember_created_at" datetime, "last_name" varchar NOT NULL, "first_name" varchar NOT NULL, "ruby_last_name" varchar NOT NULL, "ruby_first_name" varchar NOT NULL, "postcode" integer NOT NULL, "prefecture_code" integer NOT NULL, "address_city" varchar NOT NULL, "address_street" varchar NOT NULL, "address_building" varchar, "phone_number" integer NOT NULL, "password" varchar NOT NULL, "user_status" boolean, "admin" boolean DEFAULT 0, "created_at" datetime NOT NULL, "updated_at" datetime NOT NULL)[0m
  ↳ db/schema.rb:82
  [1m[35m (4.8ms)[0m  [1m[35mCREATE UNIQUE INDEX "index_users_on_email" ON "users" ("email")[0m
  ↳ db/schema.rb:82
  [1m[35m (4.9ms)[0m  [1m[35mCREATE UNIQUE INDEX "index_users_on_reset_password_token" ON "users" ("reset_password_token")[0m
  ↳ db/schema.rb:82
  [1m[35m (4.3ms)[0m  [1m[35mCREATE TABLE "schema_migrations" ("version" varchar NOT NULL PRIMARY KEY)[0m
  ↳ db/schema.rb:13
  [1m[35m (0.1ms)[0m  [1m[34mSELECT "schema_migrations"."version" FROM "schema_migrations" ORDER BY "schema_migrations"."version" ASC[0m
  ↳ db/schema.rb:13
  [1m[35m (6.4ms)[0m  [1m[32mINSERT INTO "schema_migrations" (version) VALUES (20210311131853)[0m
  ↳ db/schema.rb:13
  [1m[35m (3.9ms)[0m  [1m[32mINSERT INTO "schema_migrations" (version) VALUES
(20210311125250),
(20210311131301),
(20210311131405),
(20210311131507),
(20210311131628),
(20210311131815);

[0m
  ↳ db/schema.rb:13
  [1m[35m (4.9ms)[0m  [1m[35mCREATE TABLE "ar_internal_metadata" ("key" varchar NOT NULL PRIMARY KEY, "value" varchar, "created_at" datetime NOT NULL, "updated_at" datetime NOT NULL)[0m
  ↳ db/schema.rb:13
  [1m[36mActiveRecord::InternalMetadata Load (0.2ms)[0m  [1m[34mSELECT  "ar_internal_metadata".* FROM "ar_internal_metadata" WHERE "ar_internal_metadata"."key" = ? LIMIT ?[0m  [["key", "environment"], ["LIMIT", 1]]
  ↳ db/schema.rb:13
  [1m[35m (0.0ms)[0m  [1m[36mbegin transaction[0m
  ↳ db/schema.rb:13
  [1m[36mActiveRecord::InternalMetadata Create (0.2ms)[0m  [1m[32mINSERT INTO "ar_internal_metadata" ("key", "value", "created_at", "updated_at") VALUES (?, ?, ?, ?)[0m  [["key", "environment"], ["value", "development"], ["created_at", "2021-03-12 09:48:27.021603"], ["updated_at", "2021-03-12 09:48:27.021603"]]
  ↳ db/schema.rb:13
  [1m[35m (4.4ms)[0m  [1m[36mcommit transaction[0m
  ↳ db/schema.rb:13
  [1m[36mActiveRecord::InternalMetadata Load (0.1ms)[0m  [1m[34mSELECT  "ar_internal_metadata".* FROM "ar_internal_metadata" WHERE "ar_internal_metadata"."key" = ? LIMIT ?[0m  [["key", "environment"], ["LIMIT", 1]]
  ↳ bin/rails:9
  [1m[35m (0.0ms)[0m  [1m[36mbegin transaction[0m
  ↳ bin/rails:9
  [1m[36mActiveRecord::InternalMetadata Update (0.2ms)[0m  [1m[33mUPDATE "ar_internal_metadata" SET "value" = ?, "updated_at" = ? WHERE "ar_internal_metadata"."key" = ?[0m  [["value", "test"], ["updated_at", "2021-03-12 09:48:27.027862"], ["key", "environment"]]
  ↳ bin/rails:9
  [1m[35m (5.0ms)[0m  [1m[36mcommit transaction[0m
  ↳ bin/rails:9
  [1m[35m (0.1ms)[0m  [1m[34mSELECT "schema_migrations"."version" FROM "schema_migrations" ORDER BY "schema_migrations"."version" ASC[0m
  ↳ bin/rails:9
  [1m[36mUser Load (0.1ms)[0m  [1m[34mSELECT  "users".* FROM "users" ORDER BY "users"."id" ASC LIMIT ?[0m  [["LIMIT", 1]]
  [1m[35m (0.2ms)[0m  [1m[34mSELECT "schema_migrations"."version" FROM "schema_migrations" ORDER BY "schema_migrations"."version" ASC[0m
  ↳ bin/rails:9
  [1m[35m (0.1ms)[0m  [1m[34mSELECT "ar_internal_metadata"."value" FROM "ar_internal_metadata" WHERE "ar_internal_metadata"."key" = ?[0m  [["key", "environment"]]
  ↳ bin/rails:9
  [1m[35m (0.1ms)[0m  [1m[34mSELECT "schema_migrations"."version" FROM "schema_migrations" ORDER BY "schema_migrations"."version" ASC[0m
  ↳ bin/rails:9
  [1m[35m (0.1ms)[0m  [1m[34mSELECT "ar_internal_metadata"."value" FROM "ar_internal_metadata" WHERE "ar_internal_metadata"."key" = ?[0m  [["key", "environment"]]
  ↳ bin/rails:9
  [1m[35m (0.1ms)[0m  [1m[34mSELECT "schema_migrations"."version" FROM "schema_migrations" ORDER BY "schema_migrations"."version" ASC[0m
  ↳ bin/rails:9
  [1m[35m (0.1ms)[0m  [1m[34mSELECT "ar_internal_metadata"."value" FROM "ar_internal_metadata" WHERE "ar_internal_metadata"."key" = ?[0m  [["key", "environment"]]
  ↳ bin/rails:9
  [1m[35m (0.1ms)[0m  [1m[35mDROP TABLE IF EXISTS "carts"[0m
  ↳ db/schema.rb:15
  [1m[35m (0.1ms)[0m  [1m[34mSELECT sqlite_version(*)[0m
  ↳ db/schema.rb:15
  [1m[35m (8.1ms)[0m  [1m[35mCREATE TABLE "carts" ("id" integer PRIMARY KEY AUTOINCREMENT NOT NULL, "product_num" integer, "product_id" integer, "order_id" integer, "created_at" datetime NOT NULL, "updated_at" datetime NOT NULL)[0m
  ↳ db/schema.rb:15
  [1m[35m (5.5ms)[0m  [1m[35mCREATE  INDEX "index_carts_on_order_id" ON "carts" ("order_id")[0m
  ↳ db/schema.rb:15
  [1m[35m (5.0ms)[0m  [1m[35mCREATE  INDEX "index_carts_on_product_id" ON "carts" ("product_id")[0m
  ↳ db/schema.rb:15
  [1m[35m (0.1ms)[0m  [1m[35mDROP TABLE IF EXISTS "categories"[0m
  ↳ db/schema.rb:25
  [1m[35m (4.2ms)[0m  [1m[35mCREATE TABLE "categories" ("id" integer PRIMARY KEY AUTOINCREMENT NOT NULL, "category_name" varchar, "category_status" integer, "created_at" datetime NOT NULL, "updated_at" datetime NOT NULL)[0m
  ↳ db/schema.rb:25
  [1m[35m (0.1ms)[0m  [1m[35mDROP TABLE IF EXISTS "orderdproducts"[0m
  ↳ db/schema.rb:32
  [1m[35m (5.2ms)[0m  [1m[35mCREATE TABLE "orderdproducts" ("id" integer PRIMARY KEY AUTOINCREMENT NOT NULL, "product_id" integer, "order_id" integer, "order_num" integer, "production_status" integer, "price_in_tax" integer, "created_at" datetime NOT NULL, "updated_at" datetime NOT NULL)[0m
  ↳ db/schema.rb:32
  [1m[35m (6.0ms)[0m  [1m[35mCREATE  INDEX "index_orderdproducts_on_order_id" ON "orderdproducts" ("order_id")[0m
  ↳ db/schema.rb:32
  [1m[35m (4.7ms)[0m  [1m[35mCREATE  INDEX "index_orderdproducts_on_product_id" ON "orderdproducts" ("product_id")[0m
  ↳ db/schema.rb:32
  [1m[35m (0.1ms)[0m  [1m[35mDROP TABLE IF EXISTS "orders"[0m
  ↳ db/schema.rb:44
  [1m[35m (5.5ms)[0m  [1m[35mCREATE TABLE "orders" ("id" integer PRIMARY KEY AUTOINCREMENT NOT NULL, "user_id" integer, "shipping" integer, "billing_amount" integer, "method_payment" integer, "destination_name" varchar, "postcode" integer, "prefecture_code" integer, "address_city" varchar, "address_street" varchar, "address_build" varchar, "order_status" integer, "created_at" datetime NOT NULL, "updated_at" datetime NOT NULL)[0m
  ↳ db/schema.rb:44
  [1m[35m (0.1ms)[0m  [1m[35mDROP TABLE IF EXISTS "products"[0m
  ↳ db/schema.rb:60
  [1m[35m (5.0ms)[0m  [1m[35mCREATE TABLE "products" ("id" integer PRIMARY KEY AUTOINCREMENT NOT NULL, "image_id" varchar, "name" varchar, "description" text, "non_taxed_price" integer, "sales_status" integer, "created_at" datetime NOT NULL, "updated_at" datetime NOT NULL)[0m
  ↳ db/schema.rb:60
  [1m[35m (0.1ms)[0m  [1m[35mDROP TABLE IF EXISTS "shipping_addresses"[0m
  ↳ db/schema.rb:70
  [1m[35m (4.2ms)[0m  [1m[35mCREATE TABLE "shipping_addresses" ("id" integer PRIMARY KEY AUTOINCREMENT NOT NULL, "user_id" integer, "destination_name" varchar, "postcode" integer, "prefecture_code" integer, "address_city" varchar, "address_street" varchar, "address_build" varchar, "created_at" datetime NOT NULL, "updated_at" datetime NOT NULL)[0m
  ↳ db/schema.rb:70
  [1m[35m (0.1ms)[0m  [1m[35mDROP TABLE IF EXISTS "users"[0m
  ↳ db/schema.rb:82
  [1m[35m (5.2ms)[0m  [1m[35mCREATE TABLE "users" ("id" integer PRIMARY KEY AUTOINCREMENT NOT NULL, "email" varchar DEFAULT '' NOT NULL, "encrypted_password" varchar DEFAULT '' NOT NULL, "reset_password_token" varchar, "reset_password_sent_at" datetime, "remember_created_at" datetime, "last_name" varchar NOT NULL, "first_name" varchar NOT NULL, "ruby_last_name" varchar NOT NULL, "ruby_first_name" varchar NOT NULL, "postcode" integer NOT NULL, "prefecture_code" integer NOT NULL, "address_city" varchar NOT NULL, "address_street" varchar NOT NULL, "address_building" varchar, "phone_number" integer NOT NULL, "password" varchar NOT NULL, "user_status" boolean, "admin" boolean DEFAULT 0, "created_at" datetime NOT NULL, "updated_at" datetime NOT NULL)[0m
  ↳ db/schema.rb:82
  [1m[35m (4.0ms)[0m  [1m[35mCREATE UNIQUE INDEX "index_users_on_email" ON "users" ("email")[0m
  ↳ db/schema.rb:82
  [1m[35m (5.1ms)[0m  [1m[35mCREATE UNIQUE INDEX "index_users_on_reset_password_token" ON "users" ("reset_password_token")[0m
  ↳ db/schema.rb:82
  [1m[35m (5.0ms)[0m  [1m[35mCREATE TABLE "schema_migrations" ("version" varchar NOT NULL PRIMARY KEY)[0m
  ↳ db/schema.rb:13
  [1m[35m (0.1ms)[0m  [1m[34mSELECT "schema_migrations"."version" FROM "schema_migrations" ORDER BY "schema_migrations"."version" ASC[0m
  ↳ db/schema.rb:13
  [1m[35m (5.3ms)[0m  [1m[32mINSERT INTO "schema_migrations" (version) VALUES (20210311131853)[0m
  ↳ db/schema.rb:13
  [1m[35m (4.9ms)[0m  [1m[32mINSERT INTO "schema_migrations" (version) VALUES
(20210311125250),
(20210311131301),
(20210311131405),
(20210311131507),
(20210311131628),
(20210311131815);

[0m
  ↳ db/schema.rb:13
  [1m[35m (5.6ms)[0m  [1m[35mCREATE TABLE "ar_internal_metadata" ("key" varchar NOT NULL PRIMARY KEY, "value" varchar, "created_at" datetime NOT NULL, "updated_at" datetime NOT NULL)[0m
  ↳ db/schema.rb:13
  [1m[36mActiveRecord::InternalMetadata Load (0.1ms)[0m  [1m[34mSELECT  "ar_internal_metadata".* FROM "ar_internal_metadata" WHERE "ar_internal_metadata"."key" = ? LIMIT ?[0m  [["key", "environment"], ["LIMIT", 1]]
  ↳ db/schema.rb:13
  [1m[35m (0.0ms)[0m  [1m[36mbegin transaction[0m
  ↳ db/schema.rb:13
  [1m[36mActiveRecord::InternalMetadata Create (4.3ms)[0m  [1m[32mINSERT INTO "ar_internal_metadata" ("key", "value", "created_at", "updated_at") VALUES (?, ?, ?, ?)[0m  [["key", "environment"], ["value", "development"], ["created_at", "2021-03-12 09:50:26.625476"], ["updated_at", "2021-03-12 09:50:26.625476"]]
  ↳ db/schema.rb:13
  [1m[35m (4.3ms)[0m  [1m[36mcommit transaction[0m
  ↳ db/schema.rb:13
  [1m[36mActiveRecord::InternalMetadata Load (0.1ms)[0m  [1m[34mSELECT  "ar_internal_metadata".* FROM "ar_internal_metadata" WHERE "ar_internal_metadata"."key" = ? LIMIT ?[0m  [["key", "environment"], ["LIMIT", 1]]
  ↳ bin/rails:9
  [1m[35m (0.0ms)[0m  [1m[36mbegin transaction[0m
  ↳ bin/rails:9
  [1m[35m (0.0ms)[0m  [1m[36mcommit transaction[0m
  ↳ bin/rails:9
  [1m[35m (0.1ms)[0m  [1m[35mDROP TABLE IF EXISTS "carts"[0m
  ↳ db/schema.rb:15
  [1m[35m (0.1ms)[0m  [1m[34mSELECT sqlite_version(*)[0m
  ↳ db/schema.rb:15
  [1m[35m (6.0ms)[0m  [1m[35mCREATE TABLE "carts" ("id" integer PRIMARY KEY AUTOINCREMENT NOT NULL, "product_num" integer, "product_id" integer, "order_id" integer, "created_at" datetime NOT NULL, "updated_at" datetime NOT NULL)[0m
  ↳ db/schema.rb:15
  [1m[35m (5.5ms)[0m  [1m[35mCREATE  INDEX "index_carts_on_order_id" ON "carts" ("order_id")[0m
  ↳ db/schema.rb:15
  [1m[35m (4.5ms)[0m  [1m[35mCREATE  INDEX "index_carts_on_product_id" ON "carts" ("product_id")[0m
  ↳ db/schema.rb:15
  [1m[35m (0.1ms)[0m  [1m[35mDROP TABLE IF EXISTS "categories"[0m
  ↳ db/schema.rb:25
  [1m[35m (3.7ms)[0m  [1m[35mCREATE TABLE "categories" ("id" integer PRIMARY KEY AUTOINCREMENT NOT NULL, "category_name" varchar, "category_status" integer, "created_at" datetime NOT NULL, "updated_at" datetime NOT NULL)[0m
  ↳ db/schema.rb:25
  [1m[35m (0.1ms)[0m  [1m[35mDROP TABLE IF EXISTS "orderdproducts"[0m
  ↳ db/schema.rb:32
  [1m[35m (5.0ms)[0m  [1m[35mCREATE TABLE "orderdproducts" ("id" integer PRIMARY KEY AUTOINCREMENT NOT NULL, "product_id" integer, "order_id" integer, "order_num" integer, "production_status" integer, "price_in_tax" integer, "created_at" datetime NOT NULL, "updated_at" datetime NOT NULL)[0m
  ↳ db/schema.rb:32
  [1m[35m (5.9ms)[0m  [1m[35mCREATE  INDEX "index_orderdproducts_on_order_id" ON "orderdproducts" ("order_id")[0m
  ↳ db/schema.rb:32
  [1m[35m (4.8ms)[0m  [1m[35mCREATE  INDEX "index_orderdproducts_on_product_id" ON "orderdproducts" ("product_id")[0m
  ↳ db/schema.rb:32
  [1m[35m (0.1ms)[0m  [1m[35mDROP TABLE IF EXISTS "orders"[0m
  ↳ db/schema.rb:44
  [1m[35m (4.5ms)[0m  [1m[35mCREATE TABLE "orders" ("id" integer PRIMARY KEY AUTOINCREMENT NOT NULL, "user_id" integer, "shipping" integer, "billing_amount" integer, "method_payment" integer, "destination_name" varchar, "postcode" integer, "prefecture_code" integer, "address_city" varchar, "address_street" varchar, "address_build" varchar, "order_status" integer, "created_at" datetime NOT NULL, "updated_at" datetime NOT NULL)[0m
  ↳ db/schema.rb:44
  [1m[35m (0.1ms)[0m  [1m[35mDROP TABLE IF EXISTS "products"[0m
  ↳ db/schema.rb:60
  [1m[35m (4.2ms)[0m  [1m[35mCREATE TABLE "products" ("id" integer PRIMARY KEY AUTOINCREMENT NOT NULL, "image_id" varchar, "name" varchar, "description" text, "non_taxed_price" integer, "sales_status" integer, "created_at" datetime NOT NULL, "updated_at" datetime NOT NULL)[0m
  ↳ db/schema.rb:60
  [1m[35m (0.1ms)[0m  [1m[35mDROP TABLE IF EXISTS "shipping_addresses"[0m
  ↳ db/schema.rb:70
  [1m[35m (5.0ms)[0m  [1m[35mCREATE TABLE "shipping_addresses" ("id" integer PRIMARY KEY AUTOINCREMENT NOT NULL, "user_id" integer, "destination_name" varchar, "postcode" integer, "prefecture_code" integer, "address_city" varchar, "address_street" varchar, "address_build" varchar, "created_at" datetime NOT NULL, "updated_at" datetime NOT NULL)[0m
  ↳ db/schema.rb:70
  [1m[35m (0.1ms)[0m  [1m[35mDROP TABLE IF EXISTS "users"[0m
  ↳ db/schema.rb:82
  [1m[35m (16.9ms)[0m  [1m[35mCREATE TABLE "users" ("id" integer PRIMARY KEY AUTOINCREMENT NOT NULL, "email" varchar DEFAULT '' NOT NULL, "encrypted_password" varchar DEFAULT '' NOT NULL, "reset_password_token" varchar, "reset_password_sent_at" datetime, "remember_created_at" datetime, "last_name" varchar NOT NULL, "first_name" varchar NOT NULL, "ruby_last_name" varchar NOT NULL, "ruby_first_name" varchar NOT NULL, "postcode" integer NOT NULL, "prefecture_code" integer NOT NULL, "address_city" varchar NOT NULL, "address_street" varchar NOT NULL, "address_building" varchar, "phone_number" integer NOT NULL, "password" varchar NOT NULL, "user_status" boolean, "admin" boolean DEFAULT 0, "created_at" datetime NOT NULL, "updated_at" datetime NOT NULL)[0m
  ↳ db/schema.rb:82
  [1m[35m (6.4ms)[0m  [1m[35mCREATE UNIQUE INDEX "index_users_on_email" ON "users" ("email")[0m
  ↳ db/schema.rb:82
  [1m[35m (5.5ms)[0m  [1m[35mCREATE UNIQUE INDEX "index_users_on_reset_password_token" ON "users" ("reset_password_token")[0m
  ↳ db/schema.rb:82
  [1m[35m (5.6ms)[0m  [1m[35mCREATE TABLE "schema_migrations" ("version" varchar NOT NULL PRIMARY KEY)[0m
  ↳ db/schema.rb:13
  [1m[35m (0.1ms)[0m  [1m[34mSELECT "schema_migrations"."version" FROM "schema_migrations" ORDER BY "schema_migrations"."version" ASC[0m
  ↳ db/schema.rb:13
  [1m[35m (6.5ms)[0m  [1m[32mINSERT INTO "schema_migrations" (version) VALUES (20210311131853)[0m
  ↳ db/schema.rb:13
  [1m[35m (4.4ms)[0m  [1m[32mINSERT INTO "schema_migrations" (version) VALUES
(20210311125250),
(20210311131301),
(20210311131405),
(20210311131507),
(20210311131628),
(20210311131815);

[0m
  ↳ db/schema.rb:13
  [1m[35m (6.3ms)[0m  [1m[35mCREATE TABLE "ar_internal_metadata" ("key" varchar NOT NULL PRIMARY KEY, "value" varchar, "created_at" datetime NOT NULL, "updated_at" datetime NOT NULL)[0m
  ↳ db/schema.rb:13
  [1m[36mActiveRecord::InternalMetadata Load (0.1ms)[0m  [1m[34mSELECT  "ar_internal_metadata".* FROM "ar_internal_metadata" WHERE "ar_internal_metadata"."key" = ? LIMIT ?[0m  [["key", "environment"], ["LIMIT", 1]]
  ↳ db/schema.rb:13
  [1m[35m (0.0ms)[0m  [1m[36mbegin transaction[0m
  ↳ db/schema.rb:13
  [1m[36mActiveRecord::InternalMetadata Create (0.6ms)[0m  [1m[32mINSERT INTO "ar_internal_metadata" ("key", "value", "created_at", "updated_at") VALUES (?, ?, ?, ?)[0m  [["key", "environment"], ["value", "development"], ["created_at", "2021-03-12 09:50:26.762492"], ["updated_at", "2021-03-12 09:50:26.762492"]]
  ↳ db/schema.rb:13
  [1m[35m (7.8ms)[0m  [1m[36mcommit transaction[0m
  ↳ db/schema.rb:13
  [1m[36mActiveRecord::InternalMetadata Load (0.1ms)[0m  [1m[34mSELECT  "ar_internal_metadata".* FROM "ar_internal_metadata" WHERE "ar_internal_metadata"."key" = ? LIMIT ?[0m  [["key", "environment"], ["LIMIT", 1]]
  ↳ bin/rails:9
  [1m[35m (0.0ms)[0m  [1m[36mbegin transaction[0m
  ↳ bin/rails:9
  [1m[36mActiveRecord::InternalMetadata Update (0.6ms)[0m  [1m[33mUPDATE "ar_internal_metadata" SET "value" = ?, "updated_at" = ? WHERE "ar_internal_metadata"."key" = ?[0m  [["value", "test"], ["updated_at", "2021-03-12 09:50:26.772571"], ["key", "environment"]]
  ↳ bin/rails:9
  [1m[35m (4.7ms)[0m  [1m[36mcommit transaction[0m
  ↳ bin/rails:9
  [1m[35m (0.1ms)[0m  [1m[34mSELECT "schema_migrations"."version" FROM "schema_migrations" ORDER BY "schema_migrations"."version" ASC[0m
  ↳ bin/rails:9
  [1m[36mUser Load (0.2ms)[0m  [1m[34mSELECT  "users".* FROM "users" ORDER BY "users"."id" ASC LIMIT ?[0m  [["LIMIT", 1]]
  [1m[35m (0.2ms)[0m  [1m[34mSELECT "schema_migrations"."version" FROM "schema_migrations" ORDER BY "schema_migrations"."version" ASC[0m
  ↳ bin/rails:9
  [1m[35m (0.1ms)[0m  [1m[34mSELECT "ar_internal_metadata"."value" FROM "ar_internal_metadata" WHERE "ar_internal_metadata"."key" = ?[0m  [["key", "environment"]]
  ↳ bin/rails:9
  [1m[35m (0.1ms)[0m  [1m[34mSELECT "schema_migrations"."version" FROM "schema_migrations" ORDER BY "schema_migrations"."version" ASC[0m
  ↳ bin/rails:9
  [1m[35m (0.1ms)[0m  [1m[34mSELECT "ar_internal_metadata"."value" FROM "ar_internal_metadata" WHERE "ar_internal_metadata"."key" = ?[0m  [["key", "environment"]]
  ↳ bin/rails:9
  [1m[35m (0.1ms)[0m  [1m[34mSELECT "schema_migrations"."version" FROM "schema_migrations" ORDER BY "schema_migrations"."version" ASC[0m
  ↳ bin/rails:9
  [1m[35m (0.1ms)[0m  [1m[34mSELECT "ar_internal_metadata"."value" FROM "ar_internal_metadata" WHERE "ar_internal_metadata"."key" = ?[0m  [["key", "environment"]]
  ↳ bin/rails:9
  [1m[35m (0.1ms)[0m  [1m[35mDROP TABLE IF EXISTS "carts"[0m
  ↳ db/schema.rb:15
  [1m[35m (0.1ms)[0m  [1m[34mSELECT sqlite_version(*)[0m
  ↳ db/schema.rb:15
  [1m[35m (7.8ms)[0m  [1m[35mCREATE TABLE "carts" ("id" integer PRIMARY KEY AUTOINCREMENT NOT NULL, "product_num" integer, "product_id" integer, "order_id" integer, "created_at" datetime NOT NULL, "updated_at" datetime NOT NULL)[0m
  ↳ db/schema.rb:15
  [1m[35m (6.3ms)[0m  [1m[35mCREATE  INDEX "index_carts_on_order_id" ON "carts" ("order_id")[0m
  ↳ db/schema.rb:15
  [1m[35m (4.3ms)[0m  [1m[35mCREATE  INDEX "index_carts_on_product_id" ON "carts" ("product_id")[0m
  ↳ db/schema.rb:15
  [1m[35m (0.1ms)[0m  [1m[35mDROP TABLE IF EXISTS "categories"[0m
  ↳ db/schema.rb:25
  [1m[35m (4.7ms)[0m  [1m[35mCREATE TABLE "categories" ("id" integer PRIMARY KEY AUTOINCREMENT NOT NULL, "category_name" varchar, "category_status" integer, "created_at" datetime NOT NULL, "updated_at" datetime NOT NULL)[0m
  ↳ db/schema.rb:25
  [1m[35m (0.1ms)[0m  [1m[35mDROP TABLE IF EXISTS "orderdproducts"[0m
  ↳ db/schema.rb:32
  [1m[35m (4.2ms)[0m  [1m[35mCREATE TABLE "orderdproducts" ("id" integer PRIMARY KEY AUTOINCREMENT NOT NULL, "product_id" integer, "order_id" integer, "order_num" integer, "production_status" integer, "price_in_tax" integer, "created_at" datetime NOT NULL, "updated_at" datetime NOT NULL)[0m
  ↳ db/schema.rb:32
  [1m[35m (4.1ms)[0m  [1m[35mCREATE  INDEX "index_orderdproducts_on_order_id" ON "orderdproducts" ("order_id")[0m
  ↳ db/schema.rb:32
  [1m[35m (6.9ms)[0m  [1m[35mCREATE  INDEX "index_orderdproducts_on_product_id" ON "orderdproducts" ("product_id")[0m
  ↳ db/schema.rb:32
  [1m[35m (0.1ms)[0m  [1m[35mDROP TABLE IF EXISTS "orders"[0m
  ↳ db/schema.rb:44
  [1m[35m (4.7ms)[0m  [1m[35mCREATE TABLE "orders" ("id" integer PRIMARY KEY AUTOINCREMENT NOT NULL, "user_id" integer, "shipping" integer, "billing_amount" integer, "method_payment" integer, "destination_name" varchar, "postcode" integer, "prefecture_code" integer, "address_city" varchar, "address_street" varchar, "address_build" varchar, "order_status" integer, "created_at" datetime NOT NULL, "updated_at" datetime NOT NULL)[0m
  ↳ db/schema.rb:44
  [1m[35m (0.1ms)[0m  [1m[35mDROP TABLE IF EXISTS "products"[0m
  ↳ db/schema.rb:60
  [1m[35m (6.1ms)[0m  [1m[35mCREATE TABLE "products" ("id" integer PRIMARY KEY AUTOINCREMENT NOT NULL, "image_id" varchar, "name" varchar, "description" text, "non_taxed_price" integer, "sales_status" integer, "created_at" datetime NOT NULL, "updated_at" datetime NOT NULL)[0m
  ↳ db/schema.rb:60
  [1m[35m (0.1ms)[0m  [1m[35mDROP TABLE IF EXISTS "shipping_addresses"[0m
  ↳ db/schema.rb:70
  [1m[35m (5.9ms)[0m  [1m[35mCREATE TABLE "shipping_addresses" ("id" integer PRIMARY KEY AUTOINCREMENT NOT NULL, "user_id" integer, "destination_name" varchar, "postcode" integer, "prefecture_code" integer, "address_city" varchar, "address_street" varchar, "address_build" varchar, "created_at" datetime NOT NULL, "updated_at" datetime NOT NULL)[0m
  ↳ db/schema.rb:70
  [1m[35m (0.1ms)[0m  [1m[35mDROP TABLE IF EXISTS "users"[0m
  ↳ db/schema.rb:82
  [1m[35m (6.6ms)[0m  [1m[35mCREATE TABLE "users" ("id" integer PRIMARY KEY AUTOINCREMENT NOT NULL, "email" varchar DEFAULT '' NOT NULL, "encrypted_password" varchar DEFAULT '' NOT NULL, "reset_password_token" varchar, "reset_password_sent_at" datetime, "remember_created_at" datetime, "last_name" varchar NOT NULL, "first_name" varchar NOT NULL, "ruby_last_name" varchar NOT NULL, "ruby_first_name" varchar NOT NULL, "postcode" integer NOT NULL, "prefecture_code" integer NOT NULL, "address_city" varchar NOT NULL, "address_street" varchar NOT NULL, "address_building" varchar, "phone_number" integer NOT NULL, "password" varchar NOT NULL, "user_status" boolean, "admin" boolean DEFAULT 0, "created_at" datetime NOT NULL, "updated_at" datetime NOT NULL)[0m
  ↳ db/schema.rb:82
  [1m[35m (8.6ms)[0m  [1m[35mCREATE UNIQUE INDEX "index_users_on_email" ON "users" ("email")[0m
  ↳ db/schema.rb:82
  [1m[35m (4.7ms)[0m  [1m[35mCREATE UNIQUE INDEX "index_users_on_reset_password_token" ON "users" ("reset_password_token")[0m
  ↳ db/schema.rb:82
  [1m[35m (5.5ms)[0m  [1m[35mCREATE TABLE "schema_migrations" ("version" varchar NOT NULL PRIMARY KEY)[0m
  ↳ db/schema.rb:13
  [1m[35m (0.1ms)[0m  [1m[34mSELECT "schema_migrations"."version" FROM "schema_migrations" ORDER BY "schema_migrations"."version" ASC[0m
  ↳ db/schema.rb:13
  [1m[35m (6.8ms)[0m  [1m[32mINSERT INTO "schema_migrations" (version) VALUES (20210311131853)[0m
  ↳ db/schema.rb:13
  [1m[35m (4.1ms)[0m  [1m[32mINSERT INTO "schema_migrations" (version) VALUES
(20210311125250),
(20210311131301),
(20210311131405),
(20210311131507),
(20210311131628),
(20210311131815);

[0m
  ↳ db/schema.rb:13
  [1m[35m (6.4ms)[0m  [1m[35mCREATE TABLE "ar_internal_metadata" ("key" varchar NOT NULL PRIMARY KEY, "value" varchar, "created_at" datetime NOT NULL, "updated_at" datetime NOT NULL)[0m
  ↳ db/schema.rb:13
  [1m[36mActiveRecord::InternalMetadata Load (0.1ms)[0m  [1m[34mSELECT  "ar_internal_metadata".* FROM "ar_internal_metadata" WHERE "ar_internal_metadata"."key" = ? LIMIT ?[0m  [["key", "environment"], ["LIMIT", 1]]
  ↳ db/schema.rb:13
  [1m[35m (0.0ms)[0m  [1m[36mbegin transaction[0m
  ↳ db/schema.rb:13
  [1m[36mActiveRecord::InternalMetadata Create (1.4ms)[0m  [1m[32mINSERT INTO "ar_internal_metadata" ("key", "value", "created_at", "updated_at") VALUES (?, ?, ?, ?)[0m  [["key", "environment"], ["value", "development"], ["created_at", "2021-03-12 09:51:42.232314"], ["updated_at", "2021-03-12 09:51:42.232314"]]
  ↳ db/schema.rb:13
  [1m[35m (4.3ms)[0m  [1m[36mcommit transaction[0m
  ↳ db/schema.rb:13
  [1m[36mActiveRecord::InternalMetadata Load (0.1ms)[0m  [1m[34mSELECT  "ar_internal_metadata".* FROM "ar_internal_metadata" WHERE "ar_internal_metadata"."key" = ? LIMIT ?[0m  [["key", "environment"], ["LIMIT", 1]]
  ↳ bin/rails:9
  [1m[35m (0.1ms)[0m  [1m[36mbegin transaction[0m
  ↳ bin/rails:9
  [1m[35m (0.0ms)[0m  [1m[36mcommit transaction[0m
  ↳ bin/rails:9
  [1m[35m (0.1ms)[0m  [1m[35mDROP TABLE IF EXISTS "carts"[0m
  ↳ db/schema.rb:15
  [1m[35m (0.1ms)[0m  [1m[34mSELECT sqlite_version(*)[0m
  ↳ db/schema.rb:15
  [1m[35m (11.4ms)[0m  [1m[35mCREATE TABLE "carts" ("id" integer PRIMARY KEY AUTOINCREMENT NOT NULL, "product_num" integer, "product_id" integer, "order_id" integer, "created_at" datetime NOT NULL, "updated_at" datetime NOT NULL)[0m
  ↳ db/schema.rb:15
  [1m[35m (4.9ms)[0m  [1m[35mCREATE  INDEX "index_carts_on_order_id" ON "carts" ("order_id")[0m
  ↳ db/schema.rb:15
  [1m[35m (4.9ms)[0m  [1m[35mCREATE  INDEX "index_carts_on_product_id" ON "carts" ("product_id")[0m
  ↳ db/schema.rb:15
  [1m[35m (0.1ms)[0m  [1m[35mDROP TABLE IF EXISTS "categories"[0m
  ↳ db/schema.rb:25
  [1m[35m (4.3ms)[0m  [1m[35mCREATE TABLE "categories" ("id" integer PRIMARY KEY AUTOINCREMENT NOT NULL, "category_name" varchar, "category_status" integer, "created_at" datetime NOT NULL, "updated_at" datetime NOT NULL)[0m
  ↳ db/schema.rb:25
  [1m[35m (0.1ms)[0m  [1m[35mDROP TABLE IF EXISTS "orderdproducts"[0m
  ↳ db/schema.rb:32
  [1m[35m (5.0ms)[0m  [1m[35mCREATE TABLE "orderdproducts" ("id" integer PRIMARY KEY AUTOINCREMENT NOT NULL, "product_id" integer, "order_id" integer, "order_num" integer, "production_status" integer, "price_in_tax" integer, "created_at" datetime NOT NULL, "updated_at" datetime NOT NULL)[0m
  ↳ db/schema.rb:32
  [1m[35m (10.5ms)[0m  [1m[35mCREATE  INDEX "index_orderdproducts_on_order_id" ON "orderdproducts" ("order_id")[0m
  ↳ db/schema.rb:32
  [1m[35m (7.0ms)[0m  [1m[35mCREATE  INDEX "index_orderdproducts_on_product_id" ON "orderdproducts" ("product_id")[0m
  ↳ db/schema.rb:32
  [1m[35m (0.1ms)[0m  [1m[35mDROP TABLE IF EXISTS "orders"[0m
  ↳ db/schema.rb:44
  [1m[35m (5.5ms)[0m  [1m[35mCREATE TABLE "orders" ("id" integer PRIMARY KEY AUTOINCREMENT NOT NULL, "user_id" integer, "shipping" integer, "billing_amount" integer, "method_payment" integer, "destination_name" varchar, "postcode" integer, "prefecture_code" integer, "address_city" varchar, "address_street" varchar, "address_build" varchar, "order_status" integer, "created_at" datetime NOT NULL, "updated_at" datetime NOT NULL)[0m
  ↳ db/schema.rb:44
  [1m[35m (0.1ms)[0m  [1m[35mDROP TABLE IF EXISTS "products"[0m
  ↳ db/schema.rb:60
  [1m[35m (9.0ms)[0m  [1m[35mCREATE TABLE "products" ("id" integer PRIMARY KEY AUTOINCREMENT NOT NULL, "image_id" varchar, "name" varchar, "description" text, "non_taxed_price" integer, "sales_status" integer, "created_at" datetime NOT NULL, "updated_at" datetime NOT NULL)[0m
  ↳ db/schema.rb:60
  [1m[35m (0.1ms)[0m  [1m[35mDROP TABLE IF EXISTS "shipping_addresses"[0m
  ↳ db/schema.rb:70
  [1m[35m (11.7ms)[0m  [1m[35mCREATE TABLE "shipping_addresses" ("id" integer PRIMARY KEY AUTOINCREMENT NOT NULL, "user_id" integer, "destination_name" varchar, "postcode" integer, "prefecture_code" integer, "address_city" varchar, "address_street" varchar, "address_build" varchar, "created_at" datetime NOT NULL, "updated_at" datetime NOT NULL)[0m
  ↳ db/schema.rb:70
  [1m[35m (0.2ms)[0m  [1m[35mDROP TABLE IF EXISTS "users"[0m
  ↳ db/schema.rb:82
  [1m[35m (5.4ms)[0m  [1m[35mCREATE TABLE "users" ("id" integer PRIMARY KEY AUTOINCREMENT NOT NULL, "email" varchar DEFAULT '' NOT NULL, "encrypted_password" varchar DEFAULT '' NOT NULL, "reset_password_token" varchar, "reset_password_sent_at" datetime, "remember_created_at" datetime, "last_name" varchar NOT NULL, "first_name" varchar NOT NULL, "ruby_last_name" varchar NOT NULL, "ruby_first_name" varchar NOT NULL, "postcode" integer NOT NULL, "prefecture_code" integer NOT NULL, "address_city" varchar NOT NULL, "address_street" varchar NOT NULL, "address_building" varchar, "phone_number" integer NOT NULL, "password" varchar NOT NULL, "user_status" boolean, "admin" boolean DEFAULT 0, "created_at" datetime NOT NULL, "updated_at" datetime NOT NULL)[0m
  ↳ db/schema.rb:82
  [1m[35m (11.9ms)[0m  [1m[35mCREATE UNIQUE INDEX "index_users_on_email" ON "users" ("email")[0m
  ↳ db/schema.rb:82
  [1m[35m (5.4ms)[0m  [1m[35mCREATE UNIQUE INDEX "index_users_on_reset_password_token" ON "users" ("reset_password_token")[0m
  ↳ db/schema.rb:82
  [1m[35m (5.5ms)[0m  [1m[35mCREATE TABLE "schema_migrations" ("version" varchar NOT NULL PRIMARY KEY)[0m
  ↳ db/schema.rb:13
  [1m[35m (0.1ms)[0m  [1m[34mSELECT "schema_migrations"."version" FROM "schema_migrations" ORDER BY "schema_migrations"."version" ASC[0m
  ↳ db/schema.rb:13
  [1m[35m (7.4ms)[0m  [1m[32mINSERT INTO "schema_migrations" (version) VALUES (20210311131853)[0m
  ↳ db/schema.rb:13
  [1m[35m (5.1ms)[0m  [1m[32mINSERT INTO "schema_migrations" (version) VALUES
(20210311125250),
(20210311131301),
(20210311131405),
(20210311131507),
(20210311131628),
(20210311131815);

[0m
  ↳ db/schema.rb:13
  [1m[35m (6.1ms)[0m  [1m[35mCREATE TABLE "ar_internal_metadata" ("key" varchar NOT NULL PRIMARY KEY, "value" varchar, "created_at" datetime NOT NULL, "updated_at" datetime NOT NULL)[0m
  ↳ db/schema.rb:13
  [1m[36mActiveRecord::InternalMetadata Load (0.1ms)[0m  [1m[34mSELECT  "ar_internal_metadata".* FROM "ar_internal_metadata" WHERE "ar_internal_metadata"."key" = ? LIMIT ?[0m  [["key", "environment"], ["LIMIT", 1]]
  ↳ db/schema.rb:13
  [1m[35m (0.0ms)[0m  [1m[36mbegin transaction[0m
  ↳ db/schema.rb:13
  [1m[36mActiveRecord::InternalMetadata Create (0.6ms)[0m  [1m[32mINSERT INTO "ar_internal_metadata" ("key", "value", "created_at", "updated_at") VALUES (?, ?, ?, ?)[0m  [["key", "environment"], ["value", "development"], ["created_at", "2021-03-12 09:51:42.386404"], ["updated_at", "2021-03-12 09:51:42.386404"]]
  ↳ db/schema.rb:13
  [1m[35m (4.0ms)[0m  [1m[36mcommit transaction[0m
  ↳ db/schema.rb:13
  [1m[36mActiveRecord::InternalMetadata Load (0.1ms)[0m  [1m[34mSELECT  "ar_internal_metadata".* FROM "ar_internal_metadata" WHERE "ar_internal_metadata"."key" = ? LIMIT ?[0m  [["key", "environment"], ["LIMIT", 1]]
  ↳ bin/rails:9
  [1m[35m (0.0ms)[0m  [1m[36mbegin transaction[0m
  ↳ bin/rails:9
  [1m[36mActiveRecord::InternalMetadata Update (0.2ms)[0m  [1m[33mUPDATE "ar_internal_metadata" SET "value" = ?, "updated_at" = ? WHERE "ar_internal_metadata"."key" = ?[0m  [["value", "test"], ["updated_at", "2021-03-12 09:51:42.393005"], ["key", "environment"]]
  ↳ bin/rails:9
  [1m[35m (7.9ms)[0m  [1m[36mcommit transaction[0m
  ↳ bin/rails:9
  [1m[35m (0.1ms)[0m  [1m[34mSELECT "schema_migrations"."version" FROM "schema_migrations" ORDER BY "schema_migrations"."version" ASC[0m
  ↳ bin/rails:9
